-------------------------------------------------------------------------------
Test set: com.example.sagatest.OrderSagaIntegrationTest
-------------------------------------------------------------------------------
Tests run: 1, Failures: 0, Errors: 1, Skipped: 0, Time elapsed: 2.547 s <<< FAILURE! -- in com.example.sagatest.OrderSagaIntegrationTest
com.example.sagatest.OrderSagaIntegrationTest -- Time elapsed: 2.547 s <<< ERROR!
org.testcontainers.containers.ContainerLaunchException: Container startup failed for image docker/compose:1.29.2
	at org.testcontainers.containers.GenericContainer.doStart(GenericContainer.java:359)
	at org.testcontainers.containers.GenericContainer.start(GenericContainer.java:330)
	at org.testcontainers.containers.ContainerisedDockerCompose.invoke(ContainerisedDockerCompose.java:64)
	at org.testcontainers.containers.ComposeDelegate.runWithCompose(ComposeDelegate.java:254)
	at org.testcontainers.containers.ComposeDelegate.createServices(ComposeDelegate.java:163)
	at org.testcontainers.containers.DockerComposeContainer.start(DockerComposeContainer.java:137)
	at org.testcontainers.junit.jupiter.TestcontainersExtension$StoreAdapter.start(TestcontainersExtension.java:280)
	at org.testcontainers.junit.jupiter.TestcontainersExtension$StoreAdapter.access$200(TestcontainersExtension.java:267)
	at org.testcontainers.junit.jupiter.TestcontainersExtension.lambda$null$4(TestcontainersExtension.java:82)
	at org.testcontainers.junit.jupiter.TestcontainersExtension.lambda$startContainers$5(TestcontainersExtension.java:82)
	at java.base/java.util.ArrayList.forEach(ArrayList.java:1597)
	at org.testcontainers.junit.jupiter.TestcontainersExtension.startContainers(TestcontainersExtension.java:82)
	at org.testcontainers.junit.jupiter.TestcontainersExtension.beforeAll(TestcontainersExtension.java:56)
	at java.base/java.util.ArrayList.forEach(ArrayList.java:1597)
Caused by: org.rnorth.ducttape.RetryCountExceededException: Retry limit hit with exception
	at org.rnorth.ducttape.unreliables.Unreliables.retryUntilSuccess(Unreliables.java:88)
	at org.testcontainers.containers.GenericContainer.doStart(GenericContainer.java:344)
	... 13 more
Caused by: org.testcontainers.containers.ContainerLaunchException: Could not create/start container
	at org.testcontainers.containers.GenericContainer.tryStart(GenericContainer.java:563)
	at org.testcontainers.containers.GenericContainer.lambda$doStart$0(GenericContainer.java:354)
	at org.rnorth.ducttape.unreliables.Unreliables.retryUntilSuccess(Unreliables.java:81)
	... 14 more
Caused by: java.lang.IllegalStateException: Container did not start correctly.
	at org.testcontainers.containers.GenericContainer.tryStart(GenericContainer.java:495)
	... 16 more

